Using pre-set license
Built from '2021.1/staging' branch; Version is '2021.1.23f1 (b50729e604a9) revision 11863849'; Using compiler version '192528614'; Build Type 'Release'
OS: 'Windows 10 Home; OS build 19042.1237; Version 2009; 64bit' Language: 'en' Physical Memory: 32716 MB
BatchMode: 1, IsHumanControllingUs: 0, StartBugReporterOnCrash: 0, Is64bit: 1, IsPro: 0

COMMAND LINE ARGUMENTS:
C:\Program Files\Unity\Hub\Editor\2021.1.23f1\Editor\Unity.exe
-adb2
-batchMode
-noUpm
-name
AssetImportWorker0
-projectPath
D:/LDGJ-49/Ludum Dare 49
-logFile
Logs/AssetImportWorker0.log
-srvPort
50866
Successfully changed project path to: D:/LDGJ-49/Ludum Dare 49
D:/LDGJ-49/Ludum Dare 49
Using Asset Import Pipeline V2.
Refreshing native plugins compatible for Editor in 146.73 ms, found 4 plugins.
Preloading 0 native plugins for Editor in 0.00 ms.
Initialize engine version: 2021.1.23f1 (b50729e604a9)
[Subsystems] Discovering subsystems at path C:/Program Files/Unity/Hub/Editor/2021.1.23f1/Editor/Data/Resources/UnitySubsystems
[Subsystems] Discovering subsystems at path D:/LDGJ-49/Ludum Dare 49/Assets
GfxDevice: creating device client; threaded=0; jobified=0
Direct3D:
    Version:  Direct3D 11.0 [level 11.1]
    Renderer: NVIDIA GeForce GTX 1650 (ID=0x1f82)
    Vendor:   NVIDIA
    VRAM:     3962 MB
    Driver:   30.0.14.7196
Initialize mono
Mono path[0] = 'C:/Program Files/Unity/Hub/Editor/2021.1.23f1/Editor/Data/Managed'
Mono path[1] = 'C:/Program Files/Unity/Hub/Editor/2021.1.23f1/Editor/Data/MonoBleedingEdge/lib/mono/unityjit'
Mono config path = 'C:/Program Files/Unity/Hub/Editor/2021.1.23f1/Editor/Data/MonoBleedingEdge/etc'
Using monoOptions --debugger-agent=transport=dt_socket,embedding=1,server=y,suspend=n,address=127.0.0.1:56384
Begin MonoManager ReloadAssembly
Registering precompiled unity dll's ...
Register platform support module: C:/Program Files/Unity/Hub/Editor/2021.1.23f1/Editor/Data/PlaybackEngines/WebGLSupport/UnityEditor.WebGL.Extensions.dll
Register platform support module: C:/Program Files/Unity/Hub/Editor/2021.1.23f1/Editor/Data/PlaybackEngines/WindowsStandaloneSupport/UnityEditor.WindowsStandalone.Extensions.dll
Registered in 0.003423 seconds.
Native extension for WindowsStandalone target not found
Native extension for WebGL target not found
Refreshing native plugins compatible for Editor in 144.02 ms, found 4 plugins.
Preloading 0 native plugins for Editor in 0.00 ms.
Mono: successfully reloaded assembly
- Completed reload, in  2.735 seconds
Domain Reload Profiling:
	ReloadAssembly (2735ms)
		BeginReloadAssembly (107ms)
			ExecutionOrderSort (0ms)
			DisableScriptedObjects (0ms)
			BackupInstance (0ms)
			ReleaseScriptingObjects (0ms)
			CreateAndSetChildDomain (1ms)
		EndReloadAssembly (707ms)
			LoadAssemblies (104ms)
			RebuildTransferFunctionScriptingTraits (0ms)
			SetupTypeCache (244ms)
			ReleaseScriptCaches (0ms)
			RebuildScriptCaches (44ms)
			SetupLoadedEditorAssemblies (351ms)
				LogAssemblyErrors (0ms)
				InitializePlatformSupportModulesInManaged (10ms)
				SetLoadedEditorAssemblies (0ms)
				RefreshPlugins (144ms)
				BeforeProcessingInitializeOnLoad (2ms)
				ProcessInitializeOnLoadAttributes (149ms)
				ProcessInitializeOnLoadMethodAttributes (45ms)
				AfterProcessingInitializeOnLoad (0ms)
				EditorAssembliesLoaded (0ms)
			ExecutionOrderSort2 (0ms)
			AwakeInstancesAfterBackupRestoration (0ms)
Platform modules already initialized, skipping
Registering precompiled user dll's ...
Registered in 0.005946 seconds.
Begin MonoManager ReloadAssembly
Symbol file LoadedFromMemory doesn't match image D:\LDGJ-49\Ludum Dare 49\Library\PackageCache\com.unity.visualscripting@1.6.1\Editor\VisualScripting.Core\Dependencies\YamlDotNet\Unity.VisualScripting.YamlDotNet.dll
Symbol file LoadedFromMemory doesn't match image D:\LDGJ-49\Ludum Dare 49\Library\PackageCache\com.unity.visualscripting@1.6.1\Editor\VisualScripting.Core\Dependencies\DotNetZip\Unity.VisualScripting.IonicZip.dll
Native extension for WindowsStandalone target not found
Native extension for WebGL target not found
Refreshing native plugins compatible for Editor in 138.89 ms, found 4 plugins.
Preloading 0 native plugins for Editor in 0.00 ms.
Mono: successfully reloaded assembly
- Completed reload, in  1.895 seconds
Domain Reload Profiling:
	ReloadAssembly (1896ms)
		BeginReloadAssembly (250ms)
			ExecutionOrderSort (0ms)
			DisableScriptedObjects (7ms)
			BackupInstance (0ms)
			ReleaseScriptingObjects (0ms)
			CreateAndSetChildDomain (27ms)
		EndReloadAssembly (1545ms)
			LoadAssemblies (152ms)
			RebuildTransferFunctionScriptingTraits (0ms)
			SetupTypeCache (532ms)
			ReleaseScriptCaches (1ms)
			RebuildScriptCaches (79ms)
			SetupLoadedEditorAssemblies (634ms)
				LogAssemblyErrors (0ms)
				InitializePlatformSupportModulesInManaged (7ms)
				SetLoadedEditorAssemblies (0ms)
				RefreshPlugins (139ms)
				BeforeProcessingInitializeOnLoad (107ms)
				ProcessInitializeOnLoadAttributes (356ms)
				ProcessInitializeOnLoadMethodAttributes (14ms)
				AfterProcessingInitializeOnLoad (11ms)
				EditorAssembliesLoaded (0ms)
			ExecutionOrderSort2 (0ms)
			AwakeInstancesAfterBackupRestoration (12ms)
Platform modules already initialized, skipping
========================================================================
Worker process is ready to serve import requests
Launched and connected shader compiler UnityShaderCompiler.exe after 0.08 seconds
Refreshing native plugins compatible for Editor in 1.11 ms, found 4 plugins.
Preloading 0 native plugins for Editor in 0.00 ms.
Unloading 3472 Unused Serialized files (Serialized files now loaded: 0)
System memory in use before: 130.1 MB.
System memory in use after: 130.3 MB.

Unloading 26 unused Assets to reduce memory usage. Loaded Objects now: 3920.
Total: 6.495300 ms (FindLiveObjects: 0.413600 ms CreateObjectMapping: 0.149700 ms MarkObjects: 5.835600 ms  DeleteObjects: 0.094900 ms)

AssetImportParameters requested are different than current active one (requested -> active):
  custom:framework-win-MediaFoundation: 216162199b28c13a410421893ffa2e32 -> 
  custom:video-decoder-ogg-theora: a1e56fd34408186e4bbccfd4996cb3dc -> 
  custom:container-muxer-webm: aa71ff27fc2769a1b78a27578f13a17b -> 
  custom:container-demuxer-webm: 4f35f7cbe854078d1ac9338744f61a02 -> 
  custom:container-demuxer-ogg: 62fdf1f143b41e24485cea50d1cbac27 -> 
  custom:video-encoder-webm-vp8: eb34c28f22e8b96e1ab97ce403110664 -> 
  custom:video-decoder-webm-vp8: 9c59270c3fd7afecdb556c50c9e8de78 -> 
  custom:audio-decoder-ogg-vorbis: bf7c407c2cedff20999df2af8eb42d56 -> 
  custom:audio-encoder-webm-vorbis: bf7c407c2cedff20999df2af8eb42d56 -> 
========================================================================
Received Import Request.
  path: Assets/Resources/Sprites/Player.prefab
  artifactKey: Guid(cfa6774a72c87a64eadffbdd54321226) Importer(815301076,1909f56bfc062723c751e8b465ee728b)
Start importing Assets/Resources/Sprites/Player.prefab using Guid(cfa6774a72c87a64eadffbdd54321226) Importer(815301076,1909f56bfc062723c751e8b465ee728b)  -> (artifact id: 'e705b0e973f75b695975e53893d532ce') in 0.161888 seconds 
========================================================================
Received Import Request.
  Time since last request: 48.133321 seconds.
  path: Assets/TestScene2.unity
  artifactKey: Guid(245a8b80a8d207c4c8faf62f44bcb2c2) Importer(815301076,1909f56bfc062723c751e8b465ee728b)
Start importing Assets/TestScene2.unity using Guid(245a8b80a8d207c4c8faf62f44bcb2c2) Importer(815301076,1909f56bfc062723c751e8b465ee728b)  -> (artifact id: '00444e660316803ecb4aa13158760080') in 0.010373 seconds 
========================================================================
Received Import Request.
  Time since last request: 1.278793 seconds.
  path: Assets/TestScene2 1.unity
  artifactKey: Guid(46a500adc9019934a9102ccad0c579f7) Importer(815301076,1909f56bfc062723c751e8b465ee728b)
Start importing Assets/TestScene2 1.unity using Guid(46a500adc9019934a9102ccad0c579f7) Importer(815301076,1909f56bfc062723c751e8b465ee728b)  -> (artifact id: 'b1bf4c7e6c185e73cb902642d9fbee31') in 0.010238 seconds 
========================================================================
Received Import Request.
  Time since last request: 7.441613 seconds.
  path: Assets/ATestScene2.unity
  artifactKey: Guid(46a500adc9019934a9102ccad0c579f7) Importer(815301076,1909f56bfc062723c751e8b465ee728b)
Start importing Assets/ATestScene2.unity using Guid(46a500adc9019934a9102ccad0c579f7) Importer(815301076,1909f56bfc062723c751e8b465ee728b)  -> (artifact id: '3dfbb2250e3df4dc8b1072c342358ea1') in 0.009368 seconds 
========================================================================
Received Import Request.
  Time since last request: 154.419562 seconds.
  path: Assets/Resources/Sprites/Player.prefab
  artifactKey: Guid(cfa6774a72c87a64eadffbdd54321226) Importer(815301076,1909f56bfc062723c751e8b465ee728b)
Start importing Assets/Resources/Sprites/Player.prefab using Guid(cfa6774a72c87a64eadffbdd54321226) Importer(815301076,1909f56bfc062723c751e8b465ee728b)  -> (artifact id: '28883d79969d3823e8c69c8d53c21476') in 0.022862 seconds 
========================================================================
Received Import Request.
  Time since last request: 993.496627 seconds.
  path: Assets/Resources/Sprites/Foxie.controller
  artifactKey: Guid(6ada5d4f8661fc0469dad637e8c2a050) Importer(815301076,1909f56bfc062723c751e8b465ee728b)
Start importing Assets/Resources/Sprites/Foxie.controller using Guid(6ada5d4f8661fc0469dad637e8c2a050) Importer(815301076,1909f56bfc062723c751e8b465ee728b)  -> (artifact id: '642f2ea02fc7ca3d8c713115a9f773e0') in 0.011548 seconds 
========================================================================
Received Import Request.
  Time since last request: 256.966860 seconds.
  path: Assets/Resources/Sprites/Player.prefab
  artifactKey: Guid(cfa6774a72c87a64eadffbdd54321226) Importer(815301076,1909f56bfc062723c751e8b465ee728b)
Start importing Assets/Resources/Sprites/Player.prefab using Guid(cfa6774a72c87a64eadffbdd54321226) Importer(815301076,1909f56bfc062723c751e8b465ee728b)  -> (artifact id: 'e8d3666703c230ca49199f64f5a767cc') in 0.017160 seconds 
